C51 COMPILER V9.60.0.0   PRAC2C1                                                           03/14/2023 21:20:49 PAGE 1   


C51 COMPILER V9.60.0.0, COMPILATION OF MODULE PRAC2C1
OBJECT MODULE PLACED IN .\Objects\prac2c1.obj
COMPILER INVOKED BY: C:\Keil_v5\C51\BIN\C51.EXE prac2c1.c OPTIMIZE(8,SPEED) BROWSE DEBUG OBJECTEXTEND PRINT(.\Listings\p
                    -rac2c1.lst) TABS(2) OBJECT(.\Objects\prac2c1.obj)

line level    source

   1          #include<reg51.h>
   2          
   3          void delay(unsigned int time);
   4          
   5          void main()
   6           {
   7   1         while(1)
   8   1           {
   9   2             P2=0xAA;
  10   2             delay(1000);
  11   2             P2=0x55;
  12   2             delay(1000);
  13   2           } 
  14   1       }
  15          
  16          void delay(unsigned int time)
  17           {
  18   1         unsigned int i,j;
  19   1         for(i=0;i<time;i++)
  20   1         {
  21   2           for(j=0;j<time;j++)
  22   2           {
  23   3           }
  24   2         }
  25   1       }


MODULE INFORMATION:   STATIC OVERLAYABLE
   CODE SIZE        =     57    ----
   CONSTANT SIZE    =   ----    ----
   XDATA SIZE       =   ----    ----
   PDATA SIZE       =   ----    ----
   DATA SIZE        =   ----    ----
   IDATA SIZE       =   ----    ----
   BIT SIZE         =   ----    ----
END OF MODULE INFORMATION.


C51 COMPILATION COMPLETE.  0 WARNING(S),  0 ERROR(S)
