C51 COMPILER V9.60.0.0   PRAC3B                                                            03/14/2023 23:55:50 PAGE 1   


C51 COMPILER V9.60.0.0, COMPILATION OF MODULE PRAC3B
OBJECT MODULE PLACED IN .\Objects\prac3b.obj
COMPILER INVOKED BY: C:\Keil_v5\C51\BIN\C51.EXE prac3b.c OPTIMIZE(8,SPEED) BROWSE DEBUG OBJECTEXTEND PRINT(.\Listings\pr
                    -ac3b.lst) TABS(2) OBJECT(.\Objects\prac3b.obj)

line level    source

   1          #include<reg51.h>
   2          
   3          void delay(void);
   4          void main(void)
   5            {
   6   1          while(1){
   7   2         P1=0xAA;
   8   2        delay();
   9   2        P1=0x55;
  10   2         delay();     
  11   2          }
  12   1        }
  13            
  14          void delay()
  15          {
  16   1         unsigned int i,j;
  17   1        for(i=0;i<23;i++)
  18   1        {
  19   2          for(j=0;j<1000;j++)
  20   2          {
  21   3          }
  22   2          
  23   2        }
  24   1      } 


MODULE INFORMATION:   STATIC OVERLAYABLE
   CODE SIZE        =     43    ----
   CONSTANT SIZE    =   ----    ----
   XDATA SIZE       =   ----    ----
   PDATA SIZE       =   ----    ----
   DATA SIZE        =   ----    ----
   IDATA SIZE       =   ----    ----
   BIT SIZE         =   ----    ----
END OF MODULE INFORMATION.


C51 COMPILATION COMPLETE.  0 WARNING(S),  0 ERROR(S)
