C51 COMPILER V9.60.0.0   PRAC1                                                             03/14/2023 20:11:53 PAGE 1   


C51 COMPILER V9.60.0.0, COMPILATION OF MODULE PRAC1
OBJECT MODULE PLACED IN .\Objects\prac1.obj
COMPILER INVOKED BY: C:\Keil_v5\C51\BIN\C51.EXE prac1.c OPTIMIZE(8,SPEED) BROWSE DEBUG OBJECTEXTEND PRINT(.\Listings\pra
                    -c1.lst) TABS(2) OBJECT(.\Objects\prac1.obj)

line level    source

   1          #include<reg51.h>
   2           
   3           void delay()
   4             {
   5   1         int i,j;
   6   1           for(i=0;i<1000;i++)
   7   1             {
   8   2             }
   9   1           for(j=0;j<1000;j++)
  10   1             {
  11   2             }   
  12   1         
  13   1         }
  14             
  15          void main()
  16            {
  17   1          while(1)
  18   1           {
  19   2             P1=0xFF;
  20   2             delay();
  21   2             P1=0x00;
  22   2             delay();
  23   2           }
  24   1        }


MODULE INFORMATION:   STATIC OVERLAYABLE
   CODE SIZE        =     43    ----
   CONSTANT SIZE    =   ----    ----
   XDATA SIZE       =   ----    ----
   PDATA SIZE       =   ----    ----
   DATA SIZE        =   ----    ----
   IDATA SIZE       =   ----    ----
   BIT SIZE         =   ----    ----
END OF MODULE INFORMATION.


C51 COMPILATION COMPLETE.  0 WARNING(S),  0 ERROR(S)
