C51 COMPILER V9.60.0.0   PRAC3A                                                            03/14/2023 23:36:25 PAGE 1   


C51 COMPILER V9.60.0.0, COMPILATION OF MODULE PRAC3A
OBJECT MODULE PLACED IN .\Objects\prac3a.obj
COMPILER INVOKED BY: C:\Keil_v5\C51\BIN\C51.EXE prac3a.c OPTIMIZE(8,SPEED) BROWSE DEBUG OBJECTEXTEND PRINT(.\Listings\pr
                    -ac3a.lst) TABS(2) OBJECT(.\Objects\prac3a.obj)

line level    source

   1          #include<reg51.h>
   2          void delay(int time);
   3          void main()
   4          {
   5   1        
   6   1        P1=00000000 ;
   7   1       while(1)
   8   1       {
   9   2        P1++;
  10   2         delay(1000);
  11   2       }
  12   1      
  13   1      }
  14          
  15          void delay(int time)
  16          {
  17   1        int i,j;
  18   1        for(i=0;i<=time;i++)
  19   1        {
  20   2         for (j=0;j<23;j++)
  21   2          {
  22   3          
  23   3          }
  24   2        }
  25   1      
  26   1      }


MODULE INFORMATION:   STATIC OVERLAYABLE
   CODE SIZE        =     52    ----
   CONSTANT SIZE    =   ----    ----
   XDATA SIZE       =   ----    ----
   PDATA SIZE       =   ----    ----
   DATA SIZE        =   ----    ----
   IDATA SIZE       =   ----    ----
   BIT SIZE         =   ----    ----
END OF MODULE INFORMATION.


C51 COMPILATION COMPLETE.  0 WARNING(S),  0 ERROR(S)
