C51 COMPILER V9.60.0.0   PRAC2C2                                                           03/14/2023 21:32:08 PAGE 1   


C51 COMPILER V9.60.0.0, COMPILATION OF MODULE PRAC2C2
OBJECT MODULE PLACED IN .\Objects\prac2c2.obj
COMPILER INVOKED BY: C:\Keil_v5\C51\BIN\C51.EXE prac2c2.c OPTIMIZE(8,SPEED) BROWSE DEBUG OBJECTEXTEND PRINT(.\Listings\p
                    -rac2c2.lst) TABS(2) OBJECT(.\Objects\prac2c2.obj)

line level    source

   1          #include<reg51.h>
   2          void delay(unsigned int time);
   3          
   4          void main()
   5          {
   6   1        while(1)
   7   1        {
   8   2         P2=P1;
   9   2         delay(1000);
  10   2        }
  11   1      }
  12          
  13          
  14          
  15          void delay(unsigned int time)
  16           {
  17   1         unsigned int i,j;
  18   1         for(i=0;i<time;i++)
  19   1         {
  20   2           for(j=0;j<23;j++)
  21   2           {
  22   3           }
  23   2         }
  24   1       } 


MODULE INFORMATION:   STATIC OVERLAYABLE
   CODE SIZE        =     44    ----
   CONSTANT SIZE    =   ----    ----
   XDATA SIZE       =   ----    ----
   PDATA SIZE       =   ----    ----
   DATA SIZE        =   ----    ----
   IDATA SIZE       =   ----    ----
   BIT SIZE         =   ----    ----
END OF MODULE INFORMATION.


C51 COMPILATION COMPLETE.  0 WARNING(S),  0 ERROR(S)
