C51 COMPILER V9.60.0.0   PRAC3C                                                            03/15/2023 00:58:05 PAGE 1   


C51 COMPILER V9.60.0.0, COMPILATION OF MODULE PRAC3C
OBJECT MODULE PLACED IN .\Objects\prac3c.obj
COMPILER INVOKED BY: C:\Keil_v5\C51\BIN\C51.EXE prac3c.c OPTIMIZE(8,SPEED) BROWSE DEBUG OBJECTEXTEND PRINT(.\Listings\pr
                    -ac3c.lst) TABS(2) OBJECT(.\Objects\prac3c.obj)

line level    source

   1          #include<reg51.h>
   2          void delay()
   3            {
   4   1          int i,j;
   5   1          for(i=0;i<100;i++)
   6   1          {
   7   2            for(j=0;j<100;j++)
   8   2            {
   9   3            }
  10   2          } 
  11   1        }
  12            
  13            void main()
  14            {
  15   1          while(1)
  16   1          {
  17   2            P2=0x09;
  18   2            delay();
  19   2            P2=0x03;
  20   2            delay();
  21   2            P2=0x06;
  22   2            delay();
  23   2            P2=0x0C;
  24   2            delay();
  25   2          } 
  26   1        } 


MODULE INFORMATION:   STATIC OVERLAYABLE
   CODE SIZE        =     55    ----
   CONSTANT SIZE    =   ----    ----
   XDATA SIZE       =   ----    ----
   PDATA SIZE       =   ----    ----
   DATA SIZE        =   ----    ----
   IDATA SIZE       =   ----    ----
   BIT SIZE         =   ----    ----
END OF MODULE INFORMATION.


C51 COMPILATION COMPLETE.  0 WARNING(S),  0 ERROR(S)
