C51 COMPILER V9.60.0.0   PRAC5B                                                            03/15/2023 01:50:32 PAGE 1   


C51 COMPILER V9.60.0.0, COMPILATION OF MODULE PRAC5B
OBJECT MODULE PLACED IN .\Objects\prac5b.obj
COMPILER INVOKED BY: C:\Keil_v5\C51\BIN\C51.EXE prac5b.c OPTIMIZE(8,SPEED) BROWSE DEBUG OBJECTEXTEND PRINT(.\Listings\pr
                    -ac5b.lst) TABS(2) OBJECT(.\Objects\prac5b.obj)

line level    source

   1          #include<reg51.h>
   2          #include<stdio.h>
   3          
   4          int sine[]={0,0,5,10,5,15,20,25,30,35,40,45,45,40,35,30,25,20,15,10,5,0,0};
   5            
   6            void main()
   7              {
   8   1            int i;
   9   1            P2=0x00;
  10   1          while(1)
  11   1          {
  12   2          for(i=0;i<23;i++)
  13   2            {
  14   3            P1=sine[i];
  15   3            }
  16   2          }
  17   1          }
  18              


MODULE INFORMATION:   STATIC OVERLAYABLE
   CODE SIZE        =     29    ----
   CONSTANT SIZE    =   ----    ----
   XDATA SIZE       =   ----    ----
   PDATA SIZE       =   ----    ----
   DATA SIZE        =     46    ----
   IDATA SIZE       =   ----    ----
   BIT SIZE         =   ----    ----
END OF MODULE INFORMATION.


C51 COMPILATION COMPLETE.  0 WARNING(S),  0 ERROR(S)
